<?xml version="1.0" encoding="UTF-8"?>
<testng-results ignored="0" total="1" passed="1" failed="0" skipped="0">
  <reporter-output>
  </reporter-output>
  <suite started-at="2026-06-09T23:16:54 COT" name="Surefire suite" finished-at="2026-06-09T23:17:04 COT" duration-ms="9991">
    <groups>
    </groups>
    <test started-at="2026-06-09T23:16:54 COT" name="Surefire test" finished-at="2026-06-09T23:17:04 COT" duration-ms="9991">
      <class name="tests.E2EPurchaseTest">
        <test-method is-config="true" signature="setupReport()[pri:0, instance:tests.E2EPurchaseTest@691a7f8f]" started-at="2026-06-09T23:16:54 COT" name="setupReport" finished-at="2026-06-09T23:16:54 COT" duration-ms="161" status="PASS">
          <reporter-output>
          </reporter-output>
        </test-method> <!-- setupReport -->
        <test-method is-config="true" signature="setUp(java.lang.reflect.Method)[pri:0, instance:tests.E2EPurchaseTest@691a7f8f]" started-at="2026-06-09T23:16:54 COT" name="setUp" finished-at="2026-06-09T23:16:56 COT" duration-ms="1608" status="PASS">
          <params>
            <param index="0">
              <value>
                <![CDATA[public void tests.E2EPurchaseTest.testCompletePurchaseFlowWithTwoRandomProducts()]]>
              </value>
            </param>
          </params>
          <reporter-output>
          </reporter-output>
        </test-method> <!-- setUp -->
        <test-method signature="testCompletePurchaseFlowWithTwoRandomProducts()[pri:0, instance:tests.E2EPurchaseTest@691a7f8f]" started-at="2026-06-09T23:16:56 COT" name="testCompletePurchaseFlowWithTwoRandomProducts" finished-at="2026-06-09T23:17:03 COT" duration-ms="7389" status="PASS">
          <reporter-output>
          </reporter-output>
        </test-method> <!-- testCompletePurchaseFlowWithTwoRandomProducts -->
        <test-method is-config="true" signature="tearDown(org.testng.ITestResult)[pri:0, instance:tests.E2EPurchaseTest@691a7f8f]" started-at="2026-06-09T23:17:03 COT" name="tearDown" finished-at="2026-06-09T23:17:04 COT" duration-ms="808" status="PASS">
          <params>
            <param index="0">
              <value>
                <![CDATA[[TestResult name=testCompletePurchaseFlowWithTwoRandomProducts status=SUCCESS method=E2EPurchaseTest.testCompletePurchaseFlowWithTwoRandomProducts()[pri:0, instance:tests.E2EPurchaseTest@691a7f8f] output={null}]]]>
              </value>
            </param>
          </params>
          <reporter-output>
          </reporter-output>
        </test-method> <!-- tearDown -->
      </class> <!-- tests.E2EPurchaseTest -->
    </test> <!-- Surefire test -->
  </suite> <!-- Surefire suite -->
</testng-results>
